# JRE version: OpenJDK Runtime Environment Temurin-17.0.10+7 (17.0.10+7) (build 17.0.10+7)
# Java VM: OpenJDK 64-Bit Server VM Temurin-17.0.10+7 (17.0.10+7, mixed mode, emulated-client, tiered, compressed oops, compressed class ptrs, g1 gc, windows-amd64)
GC Precious Log:
 CPUs: 12 total, 12 available
 Memory: 7549M
 Large Page Support: Disabled
 NUMA Support: Disabled
 Compressed Oops: Enabled (32-bit)
 Heap Region Size: 1M
 Heap Min Capacity: 8M
 Heap Initial Capacity: 118M
 Heap Max Capacity: 1G
 Pre-touch: Disabled
 Parallel Workers: 10
 Concurrent Workers: 3
 Concurrent Refinement Workers: 10
 Periodic GC: Disabled
Heap:
 garbage-first heap   total 99328K, used 29437K [0x00000000c0000000, 0x0000000100000000)
  region size 1024K, 1 young (1024K), 0 survivors (0K)
 Metaspace       used 57360K, committed 58048K, reserved 1114112K
  class space    used 7090K, committed 7360K, reserved 1048576K
GC Heap History (20 events):
Event: 7720.895 GC heap before
{Heap before GC invocations=610 (full 596):
 garbage-first heap   total 99328K, used 29437K [0x00000000c0000000, 0x0000000100000000)
  region size 1024K, 1 young (1024K), 0 survivors (0K)
 Metaspace       used 57360K, committed 58048K, reserved 1114112K
  class space    used 7090K, committed 7360K, reserved 1048576K
}
Event: 7720.924 GC heap after
{Heap after GC invocations=611 (full 597):
 garbage-first heap   total 99328K, used 29437K [0x00000000c0000000, 0x0000000100000000)
  region size 1024K, 0 young (0K), 0 survivors (0K)
 Metaspace       used 57360K, committed 58048K, reserved 1114112K
  class space    used 7090K, committed 7360K, reserved 1048576K
}
Event: 7731.283 GC heap before
{Heap before GC invocations=611 (full 597):
 garbage-first heap   total 99328K, used 29437K [0x00000000c0000000, 0x0000000100000000)
  region size 1024K, 1 young (1024K), 0 survivors (0K)
 Metaspace       used 57360K, committed 58048K, reserved 1114112K
  class space    used 7090K, committed 7360K, reserved 1048576K
}
Event: 7731.307 GC heap after
{Heap after GC invocations=612 (full 598):
 garbage-first heap   total 99328K, used 29437K [0x00000000c0000000, 0x0000000100000000)
  region size 1024K, 0 young (0K), 0 survivors (0K)
 Metaspace       used 57360K, committed 58048K, reserved 1114112K
  class space    used 7090K, committed 7360K, reserved 1048576K
}
Event: 7741.530 GC heap before
{Heap before GC invocations=612 (full 598):
 garbage-first heap   total 99328K, used 29437K [0x00000000c0000000, 0x0000000100000000)
  region size 1024K, 1 young (1024K), 0 survivors (0K)
 Metaspace       used 57360K, committed 58048K, reserved 1114112K
  class space    used 7090K, committed 7360K, reserved 1048576K
}
Event: 7741.561 GC heap after
{Heap after GC invocations=613 (full 599):
 garbage-first heap   total 99328K, used 29437K [0x00000000c0000000, 0x0000000100000000)
  region size 1024K, 0 young (0K), 0 survivors (0K)
 Metaspace       used 57360K, committed 58048K, reserved 1114112K
  class space    used 7090K, committed 7360K, reserved 1048576K
}
Event: 7751.756 GC heap before
{Heap before GC invocations=613 (full 599):
 garbage-first heap   total 99328K, used 29437K [0x00000000c0000000, 0x0000000100000000)
  region size 1024K, 1 young (1024K), 0 survivors (0K)
 Metaspace       used 57360K, committed 58048K, reserved 1114112K
  class space    used 7090K, committed 7360K, reserved 1048576K
}
Event: 7751.778 GC heap after
{Heap after GC invocations=614 (full 600):
 garbage-first heap   total 99328K, used 29437K [0x00000000c0000000, 0x0000000100000000)
  region size 1024K, 0 young (0K), 0 survivors (0K)
 Metaspace       used 57360K, committed 58048K, reserved 1114112K
  class space    used 7090K, committed 7360K, reserved 1048576K
}
Event: 7761.953 GC heap before
{Heap before GC invocations=614 (full 600):
 garbage-first heap   total 99328K, used 29437K [0x00000000c0000000, 0x0000000100000000)
  region size 1024K, 1 young (1024K), 0 survivors (0K)
 Metaspace       used 57360K, committed 58048K, reserved 1114112K
  class space    used 7090K, committed 7360K, reserved 1048576K
}
Event: 7761.975 GC heap after
{Heap after GC invocations=615 (full 601):
 garbage-first heap   total 99328K, used 29437K [0x00000000c0000000, 0x0000000100000000)
  region size 1024K, 0 young (0K), 0 survivors (0K)
 Metaspace       used 57360K, committed 58048K, reserved 1114112K
  class space    used 7090K, committed 7360K, reserved 1048576K
}
Event: 7772.143 GC heap before
{Heap before GC invocations=615 (full 601):
 garbage-first heap   total 99328K, used 29437K [0x00000000c0000000, 0x0000000100000000)
  region size 1024K, 1 young (1024K), 0 survivors (0K)
 Metaspace       used 57360K, committed 58048K, reserved 1114112K
  class space    used 7090K, committed 7360K, reserved 1048576K
}
Event: 7772.166 GC heap after
{Heap after GC invocations=616 (full 602):
 garbage-first heap   total 99328K, used 29437K [0x00000000c0000000, 0x0000000100000000)
  region size 1024K, 0 young (0K), 0 survivors (0K)
 Metaspace       used 57360K, committed 58048K, reserved 1114112K
  class space    used 7090K, committed 7360K, reserved 1048576K
}
Event: 7782.375 GC heap before
{Heap before GC invocations=616 (full 602):
 garbage-first heap   total 99328K, used 29437K [0x00000000c0000000, 0x0000000100000000)
  region size 1024K, 1 young (1024K), 0 survivors (0K)
 Metaspace       used 57360K, committed 58048K, reserved 1114112K
  class space    used 7090K, committed 7360K, reserved 1048576K
}
Event: 7782.410 GC heap after
{Heap after GC invocations=617 (full 603):
 garbage-first heap   total 99328K, used 29437K [0x00000000c0000000, 0x0000000100000000)
  region size 1024K, 0 young (0K), 0 survivors (0K)
 Metaspace       used 57360K, committed 58048K, reserved 1114112K
  class space    used 7090K, committed 7360K, reserved 1048576K
}
Event: 7792.612 GC heap before
{Heap before GC invocations=617 (full 603):
 garbage-first heap   total 99328K, used 29437K [0x00000000c0000000, 0x0000000100000000)
  region size 1024K, 1 young (1024K), 0 survivors (0K)
 Metaspace       used 57360K, committed 58048K, reserved 1114112K
  class space    used 7090K, committed 7360K, reserved 1048576K
}
Event: 7792.635 GC heap after
{Heap after GC invocations=618 (full 604):
 garbage-first heap   total 99328K, used 29437K [0x00000000c0000000, 0x0000000100000000)
  region size 1024K, 0 young (0K), 0 survivors (0K)
 Metaspace       used 57360K, committed 58048K, reserved 1114112K
  class space    used 7090K, committed 7360K, reserved 1048576K
}
Event: 7802.814 GC heap before
{Heap before GC invocations=618 (full 604):
 garbage-first heap   total 99328K, used 29437K [0x00000000c0000000, 0x0000000100000000)
  region size 1024K, 1 young (1024K), 0 survivors (0K)
 Metaspace       used 57360K, committed 58048K, reserved 1114112K
  class space    used 7090K, committed 7360K, reserved 1048576K
}
Event: 7802.839 GC heap after
{Heap after GC invocations=619 (full 605):
 garbage-first heap   total 99328K, used 29437K [0x00000000c0000000, 0x0000000100000000)
  region size 1024K, 0 young (0K), 0 survivors (0K)
 Metaspace       used 57360K, committed 58048K, reserved 1114112K
  class space    used 7090K, committed 7360K, reserved 1048576K
}
Event: 7813.035 GC heap before
{Heap before GC invocations=619 (full 605):
 garbage-first heap   total 99328K, used 29437K [0x00000000c0000000, 0x0000000100000000)
  region size 1024K, 1 young (1024K), 0 survivors (0K)
 Metaspace       used 57360K, committed 58048K, reserved 1114112K
  class space    used 7090K, committed 7360K, reserved 1048576K
}
Event: 7813.059 GC heap after
{Heap after GC invocations=620 (full 606):
 garbage-first heap   total 99328K, used 29437K [0x00000000c0000000, 0x0000000100000000)
  region size 1024K, 0 young (0K), 0 survivors (0K)
 Metaspace       used 57360K, committed 58048K, reserved 1114112K
  class space    used 7090K, committed 7360K, reserved 1048576K
}

