# JRE version: OpenJDK Runtime Environment Temurin-17.0.10+7 (17.0.10+7) (build 17.0.10+7)
# Java VM: OpenJDK 64-Bit Server VM Temurin-17.0.10+7 (17.0.10+7, mixed mode, emulated-client, tiered, compressed oops, compressed class ptrs, g1 gc, windows-amd64)
GC Precious Log:
 CPUs: 12 total, 12 available
 Memory: 7549M
 Large Page Support: Disabled
 NUMA Support: Disabled
 Compressed Oops: Enabled (32-bit)
 Heap Region Size: 1M
 Heap Min Capacity: 8M
 Heap Initial Capacity: 118M
 Heap Max Capacity: 1G
 Pre-touch: Disabled
 Parallel Workers: 10
 Concurrent Workers: 3
 Concurrent Refinement Workers: 10
 Periodic GC: Disabled
Heap:
 garbage-first heap   total 75776K, used 31674K [0x00000000c0000000, 0x0000000100000000)
  region size 1024K, 10 young (10240K), 2 survivors (2048K)
 Metaspace       used 32332K, committed 32704K, reserved 1114112K
  class space    used 4109K, committed 4288K, reserved 1048576K
GC Heap History (10 events):
Event: 1.130 GC heap before
{Heap before GC invocations=0 (full 0):
 garbage-first heap   total 120832K, used 28672K [0x00000000c0000000, 0x0000000100000000)
  region size 1024K, 23 young (23552K), 0 survivors (0K)
 Metaspace       used 8277K, committed 8448K, reserved 1114112K
  class space    used 931K, committed 1024K, reserved 1048576K
}
Event: 1.140 GC heap after
{Heap after GC invocations=1 (full 0):
 garbage-first heap   total 120832K, used 15704K [0x00000000c0000000, 0x0000000100000000)
  region size 1024K, 3 young (3072K), 3 survivors (3072K)
 Metaspace       used 8277K, committed 8448K, reserved 1114112K
  class space    used 931K, committed 1024K, reserved 1048576K
}
Event: 2.036 GC heap before
{Heap before GC invocations=1 (full 0):
 garbage-first heap   total 120832K, used 38232K [0x00000000c0000000, 0x0000000100000000)
  region size 1024K, 25 young (25600K), 3 survivors (3072K)
 Metaspace       used 13944K, committed 14208K, reserved 1114112K
  class space    used 1728K, committed 1856K, reserved 1048576K
}
Event: 2.043 GC heap after
{Heap after GC invocations=2 (full 0):
 garbage-first heap   total 120832K, used 17671K [0x00000000c0000000, 0x0000000100000000)
  region size 1024K, 2 young (2048K), 2 survivors (2048K)
 Metaspace       used 13944K, committed 14208K, reserved 1114112K
  class space    used 1728K, committed 1856K, reserved 1048576K
}
Event: 2.591 GC heap before
{Heap before GC invocations=2 (full 0):
 garbage-first heap   total 120832K, used 49415K [0x00000000c0000000, 0x0000000100000000)
  region size 1024K, 34 young (34816K), 2 survivors (2048K)
 Metaspace       used 21278K, committed 21504K, reserved 1114112K
  class space    used 2613K, committed 2752K, reserved 1048576K
}
Event: 2.597 GC heap after
{Heap after GC invocations=3 (full 0):
 garbage-first heap   total 120832K, used 20664K [0x00000000c0000000, 0x0000000100000000)
  region size 1024K, 5 young (5120K), 5 survivors (5120K)
 Metaspace       used 21278K, committed 21504K, reserved 1114112K
  class space    used 2613K, committed 2752K, reserved 1048576K
}
Event: 3.847 GC heap before
{Heap before GC invocations=4 (full 0):
 garbage-first heap   total 75776K, used 56504K [0x00000000c0000000, 0x0000000100000000)
  region size 1024K, 42 young (43008K), 5 survivors (5120K)
 Metaspace       used 27820K, committed 28096K, reserved 1114112K
  class space    used 3462K, committed 3584K, reserved 1048576K
}
Event: 3.856 GC heap after
{Heap after GC invocations=5 (full 0):
 garbage-first heap   total 75776K, used 23696K [0x00000000c0000000, 0x0000000100000000)
  region size 1024K, 6 young (6144K), 6 survivors (6144K)
 Metaspace       used 27820K, committed 28096K, reserved 1114112K
  class space    used 3462K, committed 3584K, reserved 1048576K
}
Event: 5.480 GC heap before
{Heap before GC invocations=5 (full 0):
 garbage-first heap   total 75776K, used 50320K [0x00000000c0000000, 0x0000000100000000)
  region size 1024K, 32 young (32768K), 6 survivors (6144K)
 Metaspace       used 32071K, committed 32512K, reserved 1114112K
  class space    used 4072K, committed 4288K, reserved 1048576K
}
Event: 5.491 GC heap after
{Heap after GC invocations=6 (full 0):
 garbage-first heap   total 75776K, used 25530K [0x00000000c0000000, 0x0000000100000000)
  region size 1024K, 2 young (2048K), 2 survivors (2048K)
 Metaspace       used 32071K, committed 32512K, reserved 1114112K
  class space    used 4072K, committed 4288K, reserved 1048576K
}

